[2021-02-16 18:49:07.410] [jointLog] [info] setting maxHashResizeThreads to 24
[2021-02-16 18:49:07.410] [jointLog] [info] Fragment incompatibility prior below threshold.  Incompatible fragments will be ignored.
[2021-02-16 18:49:07.410] [jointLog] [info] Usage of --validateMappings implies use of minScoreFraction. Since not explicitly specified, it is being set to 0.65
[2021-02-16 18:49:07.410] [jointLog] [info] Setting consensusSlack to selective-alignment default of 0.35.
[2021-02-16 18:49:07.410] [jointLog] [info] parsing read library format
[2021-02-16 18:49:07.411] [jointLog] [info] There is 1 library.
[2021-02-16 18:49:07.586] [jointLog] [info] Loading pufferfish index
[2021-02-16 18:49:07.608] [jointLog] [info] Loading dense pufferfish index.
[2021-02-16 18:49:09.170] [jointLog] [info] done
[2021-02-16 18:49:09.170] [jointLog] [info] Index contained 233,652 targets
[2021-02-16 18:49:09.718] [jointLog] [info] Number of decoys : 0
[2021-02-16 18:49:10.288] [jointLog] [info] Automatically detected most likely library type as IU

[2021-02-16 18:51:41.106] [fileLog] [info] 
At end of round 0
==================
Observed 45197005 total fragments (45197005 in most recent round)

[2021-02-16 18:51:41.106] [jointLog] [info] Computed 698,271 rich equivalence classes for further processing
[2021-02-16 18:51:41.106] [jointLog] [info] Counted 37,237,965 total reads in the equivalence classes 
[2021-02-16 18:51:41.125] [jointLog] [info] Number of mappings discarded because of alignment score : 35,671,349
[2021-02-16 18:51:41.125] [jointLog] [info] Number of fragments entirely discarded because of alignment score : 3,009,409
[2021-02-16 18:51:41.125] [jointLog] [info] Number of fragments discarded because they are best-mapped to decoys : 0
[2021-02-16 18:51:41.125] [jointLog] [info] Number of fragments discarded because they have only dovetail (discordant) mappings to valid targets : 1,322,730
[2021-02-16 18:51:41.125] [jointLog] [info] Mapping rate = 82.3903%

[2021-02-16 18:51:41.125] [jointLog] [info] finished quantifyLibrary()
[2021-02-16 18:51:41.128] [jointLog] [info] Starting optimizer
[2021-02-16 18:51:41.332] [jointLog] [info] Marked 0 weighted equivalence classes as degenerate
[2021-02-16 18:51:41.359] [jointLog] [info] iteration = 0 | max rel diff. = 4036.76
[2021-02-16 18:51:41.584] [jointLog] [info] iteration 11, adjusting effective lengths to account for biases
[2021-02-16 18:51:42.616] [jointLog] [info] Computed expected counts (for bias correction)
[2021-02-16 18:51:42.616] [jointLog] [info] processed bias for 0.0% of the transcripts
[2021-02-16 18:51:43.314] [jointLog] [info] processed bias for 10.0% of the transcripts
[2021-02-16 18:51:44.043] [jointLog] [info] processed bias for 20.0% of the transcripts
[2021-02-16 18:51:44.757] [jointLog] [info] processed bias for 30.0% of the transcripts
[2021-02-16 18:51:45.479] [jointLog] [info] processed bias for 40.0% of the transcripts
[2021-02-16 18:51:46.216] [jointLog] [info] processed bias for 50.0% of the transcripts
[2021-02-16 18:51:46.910] [jointLog] [info] processed bias for 60.0% of the transcripts
[2021-02-16 18:51:47.610] [jointLog] [info] processed bias for 70.0% of the transcripts
[2021-02-16 18:51:48.271] [jointLog] [info] processed bias for 80.0% of the transcripts
[2021-02-16 18:51:49.009] [jointLog] [info] processed bias for 90.0% of the transcripts
[2021-02-16 18:51:49.733] [jointLog] [info] processed bias for 100.0% of the transcripts
[2021-02-16 18:51:51.471] [jointLog] [info] iteration = 100 | max rel diff. = 18.4712
[2021-02-16 18:51:53.379] [jointLog] [info] iteration = 200 | max rel diff. = 11.404
[2021-02-16 18:51:55.290] [jointLog] [info] iteration = 300 | max rel diff. = 0.870568
[2021-02-16 18:51:57.200] [jointLog] [info] iteration = 400 | max rel diff. = 6.85324
[2021-02-16 18:51:59.106] [jointLog] [info] iteration = 500 | max rel diff. = 4.66922
[2021-02-16 18:52:01.009] [jointLog] [info] iteration = 600 | max rel diff. = 0.183309
[2021-02-16 18:52:02.911] [jointLog] [info] iteration = 700 | max rel diff. = 0.0339865
[2021-02-16 18:52:04.811] [jointLog] [info] iteration = 800 | max rel diff. = 2.10053
[2021-02-16 18:52:06.714] [jointLog] [info] iteration = 900 | max rel diff. = 0.166068
[2021-02-16 18:52:08.617] [jointLog] [info] iteration = 1,000 | max rel diff. = 0.238432
[2021-02-16 18:52:10.518] [jointLog] [info] iteration = 1,100 | max rel diff. = 0.0329015
[2021-02-16 18:52:12.431] [jointLog] [info] iteration = 1,200 | max rel diff. = 0.0527836
[2021-02-16 18:52:14.338] [jointLog] [info] iteration = 1,300 | max rel diff. = 0.0270402
[2021-02-16 18:52:16.238] [jointLog] [info] iteration = 1,400 | max rel diff. = 0.0425928
[2021-02-16 18:52:18.137] [jointLog] [info] iteration = 1,500 | max rel diff. = 0.0194371
[2021-02-16 18:52:20.038] [jointLog] [info] iteration = 1,600 | max rel diff. = 0.285457
[2021-02-16 18:52:20.494] [jointLog] [info] iteration = 1,625 | max rel diff. = 0.00743029
[2021-02-16 18:52:20.527] [jointLog] [info] Finished optimizer
[2021-02-16 18:52:20.527] [jointLog] [info] writing output 

