[2021-02-16 19:36:03.072] [jointLog] [info] setting maxHashResizeThreads to 24
[2021-02-16 19:36:03.072] [jointLog] [info] Fragment incompatibility prior below threshold.  Incompatible fragments will be ignored.
[2021-02-16 19:36:03.072] [jointLog] [info] Usage of --validateMappings implies use of minScoreFraction. Since not explicitly specified, it is being set to 0.65
[2021-02-16 19:36:03.072] [jointLog] [info] Setting consensusSlack to selective-alignment default of 0.35.
[2021-02-16 19:36:03.072] [jointLog] [info] parsing read library format
[2021-02-16 19:36:03.072] [jointLog] [info] There is 1 library.
[2021-02-16 19:36:03.177] [jointLog] [info] Loading pufferfish index
[2021-02-16 19:36:03.178] [jointLog] [info] Loading dense pufferfish index.
[2021-02-16 19:36:04.501] [jointLog] [info] done
[2021-02-16 19:36:04.501] [jointLog] [info] Index contained 233,652 targets
[2021-02-16 19:36:05.032] [jointLog] [info] Number of decoys : 0
[2021-02-16 19:36:05.621] [jointLog] [info] Automatically detected most likely library type as IU

[2021-02-16 19:39:35.363] [jointLog] [info] Computed 772,322 rich equivalence classes for further processing
[2021-02-16 19:39:35.363] [jointLog] [info] Counted 47,281,393 total reads in the equivalence classes 
[2021-02-16 19:39:35.383] [jointLog] [info] Number of mappings discarded because of alignment score : 53,032,071
[2021-02-16 19:39:35.383] [jointLog] [info] Number of fragments entirely discarded because of alignment score : 4,355,797
[2021-02-16 19:39:35.383] [jointLog] [info] Number of fragments discarded because they are best-mapped to decoys : 0
[2021-02-16 19:39:35.383] [jointLog] [info] Number of fragments discarded because they have only dovetail (discordant) mappings to valid targets : 1,942,923
[2021-02-16 19:39:35.383] [jointLog] [info] Mapping rate = 80.0722%

[2021-02-16 19:39:35.383] [jointLog] [info] finished quantifyLibrary()
[2021-02-16 19:39:35.403] [jointLog] [info] Starting optimizer
[2021-02-16 19:39:35.650] [jointLog] [info] Marked 0 weighted equivalence classes as degenerate
[2021-02-16 19:39:35.681] [jointLog] [info] iteration = 0 | max rel diff. = 1096.02
[2021-02-16 19:39:35.363] [fileLog] [info] 
At end of round 0
==================
Observed 59048479 total fragments (59048479 in most recent round)

[2021-02-16 19:39:35.914] [jointLog] [info] iteration 11, adjusting effective lengths to account for biases
[2021-02-16 19:39:36.938] [jointLog] [info] Computed expected counts (for bias correction)
[2021-02-16 19:39:36.938] [jointLog] [info] processed bias for 0.0% of the transcripts
[2021-02-16 19:39:37.590] [jointLog] [info] processed bias for 10.0% of the transcripts
[2021-02-16 19:39:38.379] [jointLog] [info] processed bias for 20.0% of the transcripts
[2021-02-16 19:39:39.145] [jointLog] [info] processed bias for 30.0% of the transcripts
[2021-02-16 19:39:39.852] [jointLog] [info] processed bias for 40.0% of the transcripts
[2021-02-16 19:39:40.544] [jointLog] [info] processed bias for 50.0% of the transcripts
[2021-02-16 19:39:41.240] [jointLog] [info] processed bias for 60.0% of the transcripts
[2021-02-16 19:39:41.947] [jointLog] [info] processed bias for 70.0% of the transcripts
[2021-02-16 19:39:42.657] [jointLog] [info] processed bias for 80.0% of the transcripts
[2021-02-16 19:39:43.371] [jointLog] [info] processed bias for 90.0% of the transcripts
[2021-02-16 19:39:44.038] [jointLog] [info] processed bias for 100.0% of the transcripts
[2021-02-16 19:39:45.864] [jointLog] [info] iteration = 100 | max rel diff. = 15.7519
[2021-02-16 19:39:47.873] [jointLog] [info] iteration = 200 | max rel diff. = 16.5905
[2021-02-16 19:39:49.901] [jointLog] [info] iteration = 300 | max rel diff. = 3.03122
[2021-02-16 19:39:51.942] [jointLog] [info] iteration = 400 | max rel diff. = 5.619
[2021-02-16 19:39:53.988] [jointLog] [info] iteration = 500 | max rel diff. = 0.319433
[2021-02-16 19:39:56.033] [jointLog] [info] iteration = 600 | max rel diff. = 0.21119
[2021-02-16 19:39:58.093] [jointLog] [info] iteration = 700 | max rel diff. = 0.876283
[2021-02-16 19:40:00.211] [jointLog] [info] iteration = 800 | max rel diff. = 1.30987
[2021-02-16 19:40:02.301] [jointLog] [info] iteration = 900 | max rel diff. = 0.092091
[2021-02-16 19:40:04.356] [jointLog] [info] iteration = 1,000 | max rel diff. = 0.0508524
[2021-02-16 19:40:06.409] [jointLog] [info] iteration = 1,100 | max rel diff. = 0.293212
[2021-02-16 19:40:08.465] [jointLog] [info] iteration = 1,200 | max rel diff. = 0.825298
[2021-02-16 19:40:10.522] [jointLog] [info] iteration = 1,300 | max rel diff. = 0.160491
[2021-02-16 19:40:12.127] [jointLog] [info] iteration = 1,379 | max rel diff. = 0.00841905
[2021-02-16 19:40:12.159] [jointLog] [info] Finished optimizer
[2021-02-16 19:40:12.159] [jointLog] [info] writing output 

