[2021-02-16 19:31:27.981] [jointLog] [info] setting maxHashResizeThreads to 24
[2021-02-16 19:31:27.981] [jointLog] [info] Fragment incompatibility prior below threshold.  Incompatible fragments will be ignored.
[2021-02-16 19:31:27.981] [jointLog] [info] Usage of --validateMappings implies use of minScoreFraction. Since not explicitly specified, it is being set to 0.65
[2021-02-16 19:31:27.981] [jointLog] [info] Setting consensusSlack to selective-alignment default of 0.35.
[2021-02-16 19:31:27.981] [jointLog] [info] parsing read library format
[2021-02-16 19:31:27.981] [jointLog] [info] There is 1 library.
[2021-02-16 19:31:28.104] [jointLog] [info] Loading pufferfish index
[2021-02-16 19:31:28.106] [jointLog] [info] Loading dense pufferfish index.
[2021-02-16 19:31:29.549] [jointLog] [info] done
[2021-02-16 19:31:29.549] [jointLog] [info] Index contained 233,652 targets
[2021-02-16 19:31:30.088] [jointLog] [info] Number of decoys : 0
[2021-02-16 19:31:30.697] [jointLog] [info] Automatically detected most likely library type as IU

[2021-02-16 19:35:25.386] [jointLog] [info] Computed 794,360 rich equivalence classes for further processing
[2021-02-16 19:35:25.386] [jointLog] [info] Counted 53,623,145 total reads in the equivalence classes 
[2021-02-16 19:35:25.406] [jointLog] [info] Number of mappings discarded because of alignment score : 59,043,541
[2021-02-16 19:35:25.406] [jointLog] [info] Number of fragments entirely discarded because of alignment score : 4,892,041
[2021-02-16 19:35:25.406] [jointLog] [info] Number of fragments discarded because they are best-mapped to decoys : 0
[2021-02-16 19:35:25.406] [jointLog] [info] Number of fragments discarded because they have only dovetail (discordant) mappings to valid targets : 2,102,025
[2021-02-16 19:35:25.406] [jointLog] [info] Mapping rate = 79.3349%

[2021-02-16 19:35:25.406] [jointLog] [info] finished quantifyLibrary()
[2021-02-16 19:35:25.408] [jointLog] [info] Starting optimizer
[2021-02-16 19:35:25.618] [jointLog] [info] Marked 0 weighted equivalence classes as degenerate
[2021-02-16 19:35:25.649] [jointLog] [info] iteration = 0 | max rel diff. = 53.6495
[2021-02-16 19:35:25.386] [fileLog] [info] 
At end of round 0
==================
Observed 67590882 total fragments (67590882 in most recent round)

[2021-02-16 19:35:25.901] [jointLog] [info] iteration 11, adjusting effective lengths to account for biases
[2021-02-16 19:35:26.933] [jointLog] [info] Computed expected counts (for bias correction)
[2021-02-16 19:35:26.933] [jointLog] [info] processed bias for 0.0% of the transcripts
[2021-02-16 19:35:27.559] [jointLog] [info] processed bias for 10.0% of the transcripts
[2021-02-16 19:35:28.245] [jointLog] [info] processed bias for 20.0% of the transcripts
[2021-02-16 19:35:28.893] [jointLog] [info] processed bias for 30.0% of the transcripts
[2021-02-16 19:35:29.523] [jointLog] [info] processed bias for 40.0% of the transcripts
[2021-02-16 19:35:30.161] [jointLog] [info] processed bias for 50.0% of the transcripts
[2021-02-16 19:35:30.775] [jointLog] [info] processed bias for 60.0% of the transcripts
[2021-02-16 19:35:31.417] [jointLog] [info] processed bias for 70.0% of the transcripts
[2021-02-16 19:35:32.079] [jointLog] [info] processed bias for 80.0% of the transcripts
[2021-02-16 19:35:32.687] [jointLog] [info] processed bias for 90.0% of the transcripts
[2021-02-16 19:35:33.288] [jointLog] [info] processed bias for 100.0% of the transcripts
[2021-02-16 19:35:35.202] [jointLog] [info] iteration = 100 | max rel diff. = 7.35288
[2021-02-16 19:35:37.309] [jointLog] [info] iteration = 200 | max rel diff. = 6.03189
[2021-02-16 19:35:39.416] [jointLog] [info] iteration = 300 | max rel diff. = 10.9248
[2021-02-16 19:35:41.523] [jointLog] [info] iteration = 400 | max rel diff. = 0.768016
[2021-02-16 19:35:43.627] [jointLog] [info] iteration = 500 | max rel diff. = 6.21388
[2021-02-16 19:35:45.731] [jointLog] [info] iteration = 600 | max rel diff. = 0.13659
[2021-02-16 19:35:47.837] [jointLog] [info] iteration = 700 | max rel diff. = 1.61782
[2021-02-16 19:35:49.944] [jointLog] [info] iteration = 800 | max rel diff. = 0.835893
[2021-02-16 19:35:52.052] [jointLog] [info] iteration = 900 | max rel diff. = 0.0682583
[2021-02-16 19:35:54.159] [jointLog] [info] iteration = 1,000 | max rel diff. = 0.0822483
[2021-02-16 19:35:56.274] [jointLog] [info] iteration = 1,100 | max rel diff. = 0.741732
[2021-02-16 19:35:58.382] [jointLog] [info] iteration = 1,200 | max rel diff. = 0.0892214
[2021-02-16 19:36:00.488] [jointLog] [info] iteration = 1,300 | max rel diff. = 0.0297271
[2021-02-16 19:36:01.395] [jointLog] [info] iteration = 1,344 | max rel diff. = 0.00353053
[2021-02-16 19:36:01.430] [jointLog] [info] Finished optimizer
[2021-02-16 19:36:01.430] [jointLog] [info] writing output 

