[2021-02-16 19:17:52.704] [jointLog] [info] setting maxHashResizeThreads to 24
[2021-02-16 19:17:52.704] [jointLog] [info] Fragment incompatibility prior below threshold.  Incompatible fragments will be ignored.
[2021-02-16 19:17:52.704] [jointLog] [info] Usage of --validateMappings implies use of minScoreFraction. Since not explicitly specified, it is being set to 0.65
[2021-02-16 19:17:52.704] [jointLog] [info] Setting consensusSlack to selective-alignment default of 0.35.
[2021-02-16 19:17:52.704] [jointLog] [info] parsing read library format
[2021-02-16 19:17:52.704] [jointLog] [info] There is 1 library.
[2021-02-16 19:17:52.828] [jointLog] [info] Loading pufferfish index
[2021-02-16 19:17:52.829] [jointLog] [info] Loading dense pufferfish index.
[2021-02-16 19:17:54.247] [jointLog] [info] done
[2021-02-16 19:17:54.247] [jointLog] [info] Index contained 233,652 targets
[2021-02-16 19:17:54.781] [jointLog] [info] Number of decoys : 0
[2021-02-16 19:17:55.445] [jointLog] [info] Automatically detected most likely library type as IU

[2021-02-16 19:21:40.032] [jointLog] [info] Computed 790,565 rich equivalence classes for further processing
[2021-02-16 19:21:40.032] [jointLog] [info] Counted 50,843,744 total reads in the equivalence classes 
[2021-02-16 19:21:40.051] [jointLog] [info] Number of mappings discarded because of alignment score : 56,904,331
[2021-02-16 19:21:40.051] [jointLog] [info] Number of fragments entirely discarded because of alignment score : 4,930,486
[2021-02-16 19:21:40.051] [jointLog] [info] Number of fragments discarded because they are best-mapped to decoys : 0
[2021-02-16 19:21:40.051] [jointLog] [info] Number of fragments discarded because they have only dovetail (discordant) mappings to valid targets : 1,979,369
[2021-02-16 19:21:40.051] [jointLog] [info] Mapping rate = 77.368%

[2021-02-16 19:21:40.051] [jointLog] [info] finished quantifyLibrary()
[2021-02-16 19:21:40.053] [jointLog] [info] Starting optimizer
[2021-02-16 19:21:40.032] [fileLog] [info] 
At end of round 0
==================
Observed 65716741 total fragments (65716741 in most recent round)

[2021-02-16 19:21:44.264] [jointLog] [info] Marked 0 weighted equivalence classes as degenerate
[2021-02-16 19:21:44.292] [jointLog] [info] iteration = 0 | max rel diff. = 44.4035
[2021-02-16 19:21:44.517] [jointLog] [info] iteration 11, adjusting effective lengths to account for biases
[2021-02-16 19:21:45.427] [jointLog] [info] Computed expected counts (for bias correction)
[2021-02-16 19:21:45.427] [jointLog] [info] processed bias for 0.0% of the transcripts
[2021-02-16 19:21:46.063] [jointLog] [info] processed bias for 10.0% of the transcripts
[2021-02-16 19:21:46.754] [jointLog] [info] processed bias for 20.0% of the transcripts
[2021-02-16 19:21:47.397] [jointLog] [info] processed bias for 30.0% of the transcripts
[2021-02-16 19:21:48.034] [jointLog] [info] processed bias for 40.0% of the transcripts
[2021-02-16 19:21:48.644] [jointLog] [info] processed bias for 50.0% of the transcripts
[2021-02-16 19:21:49.273] [jointLog] [info] processed bias for 60.0% of the transcripts
[2021-02-16 19:21:49.921] [jointLog] [info] processed bias for 70.0% of the transcripts
[2021-02-16 19:21:50.573] [jointLog] [info] processed bias for 80.0% of the transcripts
[2021-02-16 19:21:51.222] [jointLog] [info] processed bias for 90.0% of the transcripts
[2021-02-16 19:21:51.853] [jointLog] [info] processed bias for 100.0% of the transcripts
[2021-02-16 19:21:53.693] [jointLog] [info] iteration = 100 | max rel diff. = 8.52859
[2021-02-16 19:21:55.730] [jointLog] [info] iteration = 200 | max rel diff. = 5.52596
[2021-02-16 19:21:57.756] [jointLog] [info] iteration = 300 | max rel diff. = 0.296232
[2021-02-16 19:21:59.780] [jointLog] [info] iteration = 400 | max rel diff. = 0.948541
[2021-02-16 19:22:01.800] [jointLog] [info] iteration = 500 | max rel diff. = 1.83528
[2021-02-16 19:22:03.818] [jointLog] [info] iteration = 600 | max rel diff. = 0.168121
[2021-02-16 19:22:05.837] [jointLog] [info] iteration = 700 | max rel diff. = 0.14031
[2021-02-16 19:22:07.852] [jointLog] [info] iteration = 800 | max rel diff. = 0.14335
[2021-02-16 19:22:09.869] [jointLog] [info] iteration = 900 | max rel diff. = 0.0388027
[2021-02-16 19:22:11.890] [jointLog] [info] iteration = 1,000 | max rel diff. = 0.830703
[2021-02-16 19:22:13.906] [jointLog] [info] iteration = 1,100 | max rel diff. = 2.45469
[2021-02-16 19:22:15.924] [jointLog] [info] iteration = 1,200 | max rel diff. = 0.0637908
[2021-02-16 19:22:17.943] [jointLog] [info] iteration = 1,300 | max rel diff. = 0.0134985
[2021-02-16 19:22:19.957] [jointLog] [info] iteration = 1,400 | max rel diff. = 0.0119793
[2021-02-16 19:22:21.972] [jointLog] [info] iteration = 1,500 | max rel diff. = 0.0612514
[2021-02-16 19:22:23.986] [jointLog] [info] iteration = 1,600 | max rel diff. = 0.0447209
[2021-02-16 19:22:25.999] [jointLog] [info] iteration = 1,700 | max rel diff. = 0.28241
[2021-02-16 19:22:27.588] [jointLog] [info] iteration = 1,780 | max rel diff. = 0.00338792
[2021-02-16 19:22:27.620] [jointLog] [info] Finished optimizer
[2021-02-16 19:22:27.620] [jointLog] [info] writing output 

