[2021-02-16 18:32:42.543] [jointLog] [info] setting maxHashResizeThreads to 24
[2021-02-16 18:32:42.543] [jointLog] [info] Fragment incompatibility prior below threshold.  Incompatible fragments will be ignored.
[2021-02-16 18:32:42.543] [jointLog] [info] Usage of --validateMappings implies use of minScoreFraction. Since not explicitly specified, it is being set to 0.65
[2021-02-16 18:32:42.543] [jointLog] [info] Setting consensusSlack to selective-alignment default of 0.35.
[2021-02-16 18:32:42.543] [jointLog] [info] parsing read library format
[2021-02-16 18:32:42.543] [jointLog] [info] There is 1 library.
[2021-02-16 18:32:42.671] [jointLog] [info] Loading pufferfish index
[2021-02-16 18:32:42.672] [jointLog] [info] Loading dense pufferfish index.
[2021-02-16 18:32:43.998] [jointLog] [info] done
[2021-02-16 18:32:43.998] [jointLog] [info] Index contained 233,652 targets
[2021-02-16 18:32:44.530] [jointLog] [info] Number of decoys : 0
[2021-02-16 18:32:45.117] [jointLog] [info] Automatically detected most likely library type as IU

[2021-02-16 18:36:20.996] [fileLog] [info] 
At end of round 0
==================
Observed 61911003 total fragments (61911003 in most recent round)

[2021-02-16 18:36:20.996] [jointLog] [info] Computed 843,522 rich equivalence classes for further processing
[2021-02-16 18:36:20.996] [jointLog] [info] Counted 50,746,265 total reads in the equivalence classes 
[2021-02-16 18:36:21.020] [jointLog] [info] Number of mappings discarded because of alignment score : 49,666,781
[2021-02-16 18:36:21.020] [jointLog] [info] Number of fragments entirely discarded because of alignment score : 4,122,433
[2021-02-16 18:36:21.020] [jointLog] [info] Number of fragments discarded because they are best-mapped to decoys : 0
[2021-02-16 18:36:21.020] [jointLog] [info] Number of fragments discarded because they have only dovetail (discordant) mappings to valid targets : 1,467,744
[2021-02-16 18:36:21.020] [jointLog] [info] Mapping rate = 81.9665%

[2021-02-16 18:36:21.020] [jointLog] [info] finished quantifyLibrary()
[2021-02-16 18:36:21.022] [jointLog] [info] Starting optimizer
[2021-02-16 18:36:21.295] [jointLog] [info] Marked 0 weighted equivalence classes as degenerate
[2021-02-16 18:36:21.328] [jointLog] [info] iteration = 0 | max rel diff. = 238.116
[2021-02-16 18:36:21.608] [jointLog] [info] iteration 11, adjusting effective lengths to account for biases
[2021-02-16 18:36:22.603] [jointLog] [info] Computed expected counts (for bias correction)
[2021-02-16 18:36:22.603] [jointLog] [info] processed bias for 0.0% of the transcripts
[2021-02-16 18:36:23.345] [jointLog] [info] processed bias for 10.0% of the transcripts
[2021-02-16 18:36:24.103] [jointLog] [info] processed bias for 20.0% of the transcripts
[2021-02-16 18:36:24.853] [jointLog] [info] processed bias for 30.0% of the transcripts
[2021-02-16 18:36:25.570] [jointLog] [info] processed bias for 40.0% of the transcripts
[2021-02-16 18:36:26.242] [jointLog] [info] processed bias for 50.0% of the transcripts
[2021-02-16 18:36:26.838] [jointLog] [info] processed bias for 60.0% of the transcripts
[2021-02-16 18:36:27.561] [jointLog] [info] processed bias for 70.0% of the transcripts
[2021-02-16 18:36:28.244] [jointLog] [info] processed bias for 80.0% of the transcripts
[2021-02-16 18:36:28.945] [jointLog] [info] processed bias for 90.0% of the transcripts
[2021-02-16 18:36:29.618] [jointLog] [info] processed bias for 100.0% of the transcripts
[2021-02-16 18:36:31.524] [jointLog] [info] iteration = 100 | max rel diff. = 15.5687
[2021-02-16 18:36:33.629] [jointLog] [info] iteration = 200 | max rel diff. = 5.96177
[2021-02-16 18:36:35.730] [jointLog] [info] iteration = 300 | max rel diff. = 1.13021
[2021-02-16 18:36:37.825] [jointLog] [info] iteration = 400 | max rel diff. = 3.30574
[2021-02-16 18:36:39.921] [jointLog] [info] iteration = 500 | max rel diff. = 1.01219
[2021-02-16 18:36:42.026] [jointLog] [info] iteration = 600 | max rel diff. = 1.71547
[2021-02-16 18:36:44.127] [jointLog] [info] iteration = 700 | max rel diff. = 1.6013
[2021-02-16 18:36:46.224] [jointLog] [info] iteration = 800 | max rel diff. = 13.5575
[2021-02-16 18:36:48.324] [jointLog] [info] iteration = 900 | max rel diff. = 0.0185865
[2021-02-16 18:36:50.425] [jointLog] [info] iteration = 1,000 | max rel diff. = 0.0169668
[2021-02-16 18:36:52.529] [jointLog] [info] iteration = 1,100 | max rel diff. = 0.151137
[2021-02-16 18:36:53.708] [jointLog] [info] iteration = 1,157 | max rel diff. = 0.00556253
[2021-02-16 18:36:53.743] [jointLog] [info] Finished optimizer
[2021-02-16 18:36:53.743] [jointLog] [info] writing output 

