[2021-02-16 19:05:30.438] [jointLog] [info] setting maxHashResizeThreads to 24
[2021-02-16 19:05:30.438] [jointLog] [info] Fragment incompatibility prior below threshold.  Incompatible fragments will be ignored.
[2021-02-16 19:05:30.438] [jointLog] [info] Usage of --validateMappings implies use of minScoreFraction. Since not explicitly specified, it is being set to 0.65
[2021-02-16 19:05:30.438] [jointLog] [info] Setting consensusSlack to selective-alignment default of 0.35.
[2021-02-16 19:05:30.438] [jointLog] [info] parsing read library format
[2021-02-16 19:05:30.438] [jointLog] [info] There is 1 library.
[2021-02-16 19:05:30.623] [jointLog] [info] Loading pufferfish index
[2021-02-16 19:05:30.624] [jointLog] [info] Loading dense pufferfish index.
[2021-02-16 19:05:31.927] [jointLog] [info] done
[2021-02-16 19:05:31.927] [jointLog] [info] Index contained 233,652 targets
[2021-02-16 19:05:32.461] [jointLog] [info] Number of decoys : 0
[2021-02-16 19:05:33.173] [jointLog] [info] Automatically detected most likely library type as IU

[2021-02-16 19:08:54.542] [fileLog] [info] 
At end of round 0
==================
Observed 53739035 total fragments (53739035 in most recent round)

[2021-02-16 19:08:54.542] [jointLog] [info] Computed 712,169 rich equivalence classes for further processing
[2021-02-16 19:08:54.542] [jointLog] [info] Counted 40,558,705 total reads in the equivalence classes 
[2021-02-16 19:08:54.562] [jointLog] [info] Number of mappings discarded because of alignment score : 53,789,280
[2021-02-16 19:08:54.562] [jointLog] [info] Number of fragments entirely discarded because of alignment score : 4,778,343
[2021-02-16 19:08:54.562] [jointLog] [info] Number of fragments discarded because they are best-mapped to decoys : 0
[2021-02-16 19:08:54.562] [jointLog] [info] Number of fragments discarded because they have only dovetail (discordant) mappings to valid targets : 1,914,461
[2021-02-16 19:08:54.562] [jointLog] [info] Mapping rate = 75.4735%

[2021-02-16 19:08:54.562] [jointLog] [info] finished quantifyLibrary()
[2021-02-16 19:08:54.591] [jointLog] [info] Starting optimizer
[2021-02-16 19:08:58.576] [jointLog] [info] Marked 0 weighted equivalence classes as degenerate
[2021-02-16 19:08:58.603] [jointLog] [info] iteration = 0 | max rel diff. = 3276.41
[2021-02-16 19:08:58.823] [jointLog] [info] iteration 11, adjusting effective lengths to account for biases
[2021-02-16 19:08:59.819] [jointLog] [info] Computed expected counts (for bias correction)
[2021-02-16 19:08:59.820] [jointLog] [info] processed bias for 0.0% of the transcripts
[2021-02-16 19:09:00.467] [jointLog] [info] processed bias for 10.0% of the transcripts
[2021-02-16 19:09:01.180] [jointLog] [info] processed bias for 20.0% of the transcripts
[2021-02-16 19:09:01.872] [jointLog] [info] processed bias for 30.0% of the transcripts
[2021-02-16 19:09:02.537] [jointLog] [info] processed bias for 40.0% of the transcripts
[2021-02-16 19:09:03.204] [jointLog] [info] processed bias for 50.0% of the transcripts
[2021-02-16 19:09:03.878] [jointLog] [info] processed bias for 60.0% of the transcripts
[2021-02-16 19:09:04.566] [jointLog] [info] processed bias for 70.0% of the transcripts
[2021-02-16 19:09:05.241] [jointLog] [info] processed bias for 80.0% of the transcripts
[2021-02-16 19:09:05.914] [jointLog] [info] processed bias for 90.0% of the transcripts
[2021-02-16 19:09:06.628] [jointLog] [info] processed bias for 100.0% of the transcripts
[2021-02-16 19:09:08.389] [jointLog] [info] iteration = 100 | max rel diff. = 7.69919
[2021-02-16 19:09:10.329] [jointLog] [info] iteration = 200 | max rel diff. = 2.99704
[2021-02-16 19:09:12.266] [jointLog] [info] iteration = 300 | max rel diff. = 2.11681
[2021-02-16 19:09:14.203] [jointLog] [info] iteration = 400 | max rel diff. = 2.72107
[2021-02-16 19:09:16.143] [jointLog] [info] iteration = 500 | max rel diff. = 8.94226
[2021-02-16 19:09:18.080] [jointLog] [info] iteration = 600 | max rel diff. = 0.123725
[2021-02-16 19:09:20.015] [jointLog] [info] iteration = 700 | max rel diff. = 0.278085
[2021-02-16 19:09:21.962] [jointLog] [info] iteration = 800 | max rel diff. = 0.195798
[2021-02-16 19:09:23.905] [jointLog] [info] iteration = 900 | max rel diff. = 0.0638458
[2021-02-16 19:09:25.847] [jointLog] [info] iteration = 1,000 | max rel diff. = 1.18742
[2021-02-16 19:09:27.789] [jointLog] [info] iteration = 1,100 | max rel diff. = 0.555678
[2021-02-16 19:09:29.730] [jointLog] [info] iteration = 1,200 | max rel diff. = 0.115235
[2021-02-16 19:09:31.675] [jointLog] [info] iteration = 1,300 | max rel diff. = 0.0144516
[2021-02-16 19:09:33.620] [jointLog] [info] iteration = 1,400 | max rel diff. = 0.0544612
[2021-02-16 19:09:35.561] [jointLog] [info] iteration = 1,500 | max rel diff. = 0.18251
[2021-02-16 19:09:36.574] [jointLog] [info] iteration = 1,553 | max rel diff. = 0.00545478
[2021-02-16 19:09:36.607] [jointLog] [info] Finished optimizer
[2021-02-16 19:09:36.607] [jointLog] [info] writing output 

