[2021-02-16 18:12:41.142] [jointLog] [info] setting maxHashResizeThreads to 24
[2021-02-16 18:12:41.142] [jointLog] [info] Fragment incompatibility prior below threshold.  Incompatible fragments will be ignored.
[2021-02-16 18:12:41.142] [jointLog] [info] Usage of --validateMappings implies use of minScoreFraction. Since not explicitly specified, it is being set to 0.65
[2021-02-16 18:12:41.142] [jointLog] [info] Setting consensusSlack to selective-alignment default of 0.35.
[2021-02-16 18:12:41.142] [jointLog] [info] parsing read library format
[2021-02-16 18:12:41.142] [jointLog] [info] There is 1 library.
[2021-02-16 18:12:41.299] [jointLog] [info] Loading pufferfish index
[2021-02-16 18:12:41.300] [jointLog] [info] Loading dense pufferfish index.
[2021-02-16 18:12:42.761] [jointLog] [info] done
[2021-02-16 18:12:42.761] [jointLog] [info] Index contained 233,652 targets
[2021-02-16 18:12:43.303] [jointLog] [info] Number of decoys : 0
[2021-02-16 18:12:43.969] [jointLog] [info] Automatically detected most likely library type as IU

[2021-02-16 18:16:19.450] [jointLog] [info] Computed 742,997 rich equivalence classes for further processing
[2021-02-16 18:16:19.450] [jointLog] [info] Counted 46,445,941 total reads in the equivalence classes 
[2021-02-16 18:16:19.473] [jointLog] [info] Number of mappings discarded because of alignment score : 56,918,366
[2021-02-16 18:16:19.473] [jointLog] [info] Number of fragments entirely discarded because of alignment score : 5,273,446
[2021-02-16 18:16:19.473] [jointLog] [info] Number of fragments discarded because they are best-mapped to decoys : 0
[2021-02-16 18:16:19.473] [jointLog] [info] Number of fragments discarded because they have only dovetail (discordant) mappings to valid targets : 1,991,806
[2021-02-16 18:16:19.473] [jointLog] [info] Mapping rate = 76.1459%

[2021-02-16 18:16:19.473] [jointLog] [info] finished quantifyLibrary()
[2021-02-16 18:16:19.475] [jointLog] [info] Starting optimizer
[2021-02-16 18:16:19.675] [jointLog] [info] Marked 0 weighted equivalence classes as degenerate
[2021-02-16 18:16:19.705] [jointLog] [info] iteration = 0 | max rel diff. = 1407.62
[2021-02-16 18:16:19.451] [fileLog] [info] 
At end of round 0
==================
Observed 60995996 total fragments (60995996 in most recent round)

[2021-02-16 18:16:19.944] [jointLog] [info] iteration 11, adjusting effective lengths to account for biases
[2021-02-16 18:16:20.999] [jointLog] [info] Computed expected counts (for bias correction)
[2021-02-16 18:16:20.999] [jointLog] [info] processed bias for 0.0% of the transcripts
[2021-02-16 18:16:21.642] [jointLog] [info] processed bias for 10.0% of the transcripts
[2021-02-16 18:16:22.380] [jointLog] [info] processed bias for 20.0% of the transcripts
[2021-02-16 18:16:23.090] [jointLog] [info] processed bias for 30.0% of the transcripts
[2021-02-16 18:16:23.776] [jointLog] [info] processed bias for 40.0% of the transcripts
[2021-02-16 18:16:24.453] [jointLog] [info] processed bias for 50.0% of the transcripts
[2021-02-16 18:16:25.098] [jointLog] [info] processed bias for 60.0% of the transcripts
[2021-02-16 18:16:25.759] [jointLog] [info] processed bias for 70.0% of the transcripts
[2021-02-16 18:16:26.453] [jointLog] [info] processed bias for 80.0% of the transcripts
[2021-02-16 18:16:27.106] [jointLog] [info] processed bias for 90.0% of the transcripts
[2021-02-16 18:16:27.840] [jointLog] [info] processed bias for 100.0% of the transcripts
[2021-02-16 18:16:27.847] [jointLog] [info] processed bias for 100.0% of the transcripts
[2021-02-16 18:16:29.655] [jointLog] [info] iteration = 100 | max rel diff. = 10.0286
[2021-02-16 18:16:31.648] [jointLog] [info] iteration = 200 | max rel diff. = 8.30435
[2021-02-16 18:16:33.634] [jointLog] [info] iteration = 300 | max rel diff. = 18.5836
[2021-02-16 18:16:35.618] [jointLog] [info] iteration = 400 | max rel diff. = 2.19207
[2021-02-16 18:16:37.595] [jointLog] [info] iteration = 500 | max rel diff. = 7.70293
[2021-02-16 18:16:39.580] [jointLog] [info] iteration = 600 | max rel diff. = 0.771019
[2021-02-16 18:16:41.558] [jointLog] [info] iteration = 700 | max rel diff. = 0.171939
[2021-02-16 18:16:43.535] [jointLog] [info] iteration = 800 | max rel diff. = 0.397084
[2021-02-16 18:16:45.517] [jointLog] [info] iteration = 900 | max rel diff. = 0.080407
[2021-02-16 18:16:47.492] [jointLog] [info] iteration = 1,000 | max rel diff. = 0.0606238
[2021-02-16 18:16:49.474] [jointLog] [info] iteration = 1,100 | max rel diff. = 0.17818
[2021-02-16 18:16:51.453] [jointLog] [info] iteration = 1,200 | max rel diff. = 0.0890833
[2021-02-16 18:16:53.446] [jointLog] [info] iteration = 1,300 | max rel diff. = 0.0346351
[2021-02-16 18:16:54.505] [jointLog] [info] iteration = 1,354 | max rel diff. = 0.00937455
[2021-02-16 18:16:54.537] [jointLog] [info] Finished optimizer
[2021-02-16 18:16:54.537] [jointLog] [info] writing output 

