[2021-02-16 19:40:13.654] [jointLog] [info] setting maxHashResizeThreads to 24
[2021-02-16 19:40:13.654] [jointLog] [info] Fragment incompatibility prior below threshold.  Incompatible fragments will be ignored.
[2021-02-16 19:40:13.654] [jointLog] [info] Usage of --validateMappings implies use of minScoreFraction. Since not explicitly specified, it is being set to 0.65
[2021-02-16 19:40:13.654] [jointLog] [info] Setting consensusSlack to selective-alignment default of 0.35.
[2021-02-16 19:40:13.654] [jointLog] [info] parsing read library format
[2021-02-16 19:40:13.654] [jointLog] [info] There is 1 library.
[2021-02-16 19:40:13.777] [jointLog] [info] Loading pufferfish index
[2021-02-16 19:40:13.777] [jointLog] [info] Loading dense pufferfish index.
[2021-02-16 19:40:15.091] [jointLog] [info] done
[2021-02-16 19:40:15.091] [jointLog] [info] Index contained 233,652 targets
[2021-02-16 19:40:15.627] [jointLog] [info] Number of decoys : 0
[2021-02-16 19:40:16.222] [jointLog] [info] Automatically detected most likely library type as IU

[2021-02-16 19:43:54.990] [jointLog] [info] Computed 781,116 rich equivalence classes for further processing
[2021-02-16 19:43:54.990] [jointLog] [info] Counted 46,435,921 total reads in the equivalence classes 
[2021-02-16 19:43:55.010] [jointLog] [info] Number of mappings discarded because of alignment score : 55,135,536
[2021-02-16 19:43:55.010] [jointLog] [info] Number of fragments entirely discarded because of alignment score : 4,571,107
[2021-02-16 19:43:55.010] [jointLog] [info] Number of fragments discarded because they are best-mapped to decoys : 0
[2021-02-16 19:43:55.010] [jointLog] [info] Number of fragments discarded because they have only dovetail (discordant) mappings to valid targets : 1,817,391
[2021-02-16 19:43:55.010] [jointLog] [info] Mapping rate = 78.3387%

[2021-02-16 19:43:55.010] [jointLog] [info] finished quantifyLibrary()
[2021-02-16 19:43:55.012] [jointLog] [info] Starting optimizer
[2021-02-16 19:43:55.216] [jointLog] [info] Marked 0 weighted equivalence classes as degenerate
[2021-02-16 19:43:55.246] [jointLog] [info] iteration = 0 | max rel diff. = 1412.02
[2021-02-16 19:43:54.990] [fileLog] [info] 
At end of round 0
==================
Observed 59275864 total fragments (59275864 in most recent round)

[2021-02-16 19:43:55.477] [jointLog] [info] iteration 11, adjusting effective lengths to account for biases
[2021-02-16 19:43:56.479] [jointLog] [info] Computed expected counts (for bias correction)
[2021-02-16 19:43:56.479] [jointLog] [info] processed bias for 0.0% of the transcripts
[2021-02-16 19:43:57.160] [jointLog] [info] processed bias for 10.0% of the transcripts
[2021-02-16 19:43:57.908] [jointLog] [info] processed bias for 20.0% of the transcripts
[2021-02-16 19:43:58.634] [jointLog] [info] processed bias for 30.0% of the transcripts
[2021-02-16 19:43:59.324] [jointLog] [info] processed bias for 40.0% of the transcripts
[2021-02-16 19:44:00.018] [jointLog] [info] processed bias for 50.0% of the transcripts
[2021-02-16 19:44:00.675] [jointLog] [info] processed bias for 60.0% of the transcripts
[2021-02-16 19:44:01.399] [jointLog] [info] processed bias for 70.0% of the transcripts
[2021-02-16 19:44:02.100] [jointLog] [info] processed bias for 80.0% of the transcripts
[2021-02-16 19:44:02.800] [jointLog] [info] processed bias for 90.0% of the transcripts
[2021-02-16 19:44:03.521] [jointLog] [info] processed bias for 100.0% of the transcripts
[2021-02-16 19:44:03.522] [jointLog] [info] processed bias for 100.0% of the transcripts
[2021-02-16 19:44:05.383] [jointLog] [info] iteration = 100 | max rel diff. = 8.6695
[2021-02-16 19:44:07.434] [jointLog] [info] iteration = 200 | max rel diff. = 15.6371
[2021-02-16 19:44:09.480] [jointLog] [info] iteration = 300 | max rel diff. = 1.12592
[2021-02-16 19:44:11.523] [jointLog] [info] iteration = 400 | max rel diff. = 0.652636
[2021-02-16 19:44:13.568] [jointLog] [info] iteration = 500 | max rel diff. = 0.348103
[2021-02-16 19:44:15.613] [jointLog] [info] iteration = 600 | max rel diff. = 0.13612
[2021-02-16 19:44:17.661] [jointLog] [info] iteration = 700 | max rel diff. = 1.43033
[2021-02-16 19:44:19.711] [jointLog] [info] iteration = 800 | max rel diff. = 0.094907
[2021-02-16 19:44:21.758] [jointLog] [info] iteration = 900 | max rel diff. = 0.121729
[2021-02-16 19:44:23.807] [jointLog] [info] iteration = 1,000 | max rel diff. = 0.0563126
[2021-02-16 19:44:25.859] [jointLog] [info] iteration = 1,100 | max rel diff. = 0.0278041
[2021-02-16 19:44:27.915] [jointLog] [info] iteration = 1,200 | max rel diff. = 1.47735
[2021-02-16 19:44:29.970] [jointLog] [info] iteration = 1,300 | max rel diff. = 0.0517884
[2021-02-16 19:44:32.023] [jointLog] [info] iteration = 1,400 | max rel diff. = 0.142466
[2021-02-16 19:44:34.081] [jointLog] [info] iteration = 1,500 | max rel diff. = 0.0253557
[2021-02-16 19:44:36.136] [jointLog] [info] iteration = 1,600 | max rel diff. = 0.967025
[2021-02-16 19:44:36.957] [jointLog] [info] iteration = 1,641 | max rel diff. = 0.00977583
[2021-02-16 19:44:36.990] [jointLog] [info] Finished optimizer
[2021-02-16 19:44:36.990] [jointLog] [info] writing output 

