[2021-02-16 18:20:55.303] [jointLog] [info] setting maxHashResizeThreads to 24
[2021-02-16 18:20:55.303] [jointLog] [info] Fragment incompatibility prior below threshold.  Incompatible fragments will be ignored.
[2021-02-16 18:20:55.303] [jointLog] [info] Usage of --validateMappings implies use of minScoreFraction. Since not explicitly specified, it is being set to 0.65
[2021-02-16 18:20:55.303] [jointLog] [info] Setting consensusSlack to selective-alignment default of 0.35.
[2021-02-16 18:20:55.303] [jointLog] [info] parsing read library format
[2021-02-16 18:20:55.303] [jointLog] [info] There is 1 library.
[2021-02-16 18:20:55.469] [jointLog] [info] Loading pufferfish index
[2021-02-16 18:20:55.469] [jointLog] [info] Loading dense pufferfish index.
[2021-02-16 18:20:56.804] [jointLog] [info] done
[2021-02-16 18:20:56.804] [jointLog] [info] Index contained 233,652 targets
[2021-02-16 18:20:57.342] [jointLog] [info] Number of decoys : 0
[2021-02-16 18:20:57.875] [jointLog] [info] Automatically detected most likely library type as IU

[2021-02-16 18:24:06.323] [fileLog] [info] 
At end of round 0
==================
Observed 61810212 total fragments (61810212 in most recent round)

[2021-02-16 18:24:06.322] [jointLog] [info] Computed 805,489 rich equivalence classes for further processing
[2021-02-16 18:24:06.322] [jointLog] [info] Counted 52,889,418 total reads in the equivalence classes 
[2021-02-16 18:24:06.344] [jointLog] [info] Number of mappings discarded because of alignment score : 43,332,419
[2021-02-16 18:24:06.344] [jointLog] [info] Number of fragments entirely discarded because of alignment score : 3,491,787
[2021-02-16 18:24:06.344] [jointLog] [info] Number of fragments discarded because they are best-mapped to decoys : 0
[2021-02-16 18:24:06.344] [jointLog] [info] Number of fragments discarded because they have only dovetail (discordant) mappings to valid targets : 1,525,422
[2021-02-16 18:24:06.344] [jointLog] [info] Mapping rate = 85.5674%

[2021-02-16 18:24:06.344] [jointLog] [info] finished quantifyLibrary()
[2021-02-16 18:24:06.346] [jointLog] [info] Starting optimizer
[2021-02-16 18:24:10.551] [jointLog] [info] Marked 0 weighted equivalence classes as degenerate
[2021-02-16 18:24:10.581] [jointLog] [info] iteration = 0 | max rel diff. = 97.9208
[2021-02-16 18:24:10.818] [jointLog] [info] iteration 11, adjusting effective lengths to account for biases
[2021-02-16 18:24:11.795] [jointLog] [info] Computed expected counts (for bias correction)
[2021-02-16 18:24:11.795] [jointLog] [info] processed bias for 0.0% of the transcripts
[2021-02-16 18:24:12.453] [jointLog] [info] processed bias for 10.0% of the transcripts
[2021-02-16 18:24:13.194] [jointLog] [info] processed bias for 20.0% of the transcripts
[2021-02-16 18:24:13.897] [jointLog] [info] processed bias for 30.0% of the transcripts
[2021-02-16 18:24:14.620] [jointLog] [info] processed bias for 40.0% of the transcripts
[2021-02-16 18:24:15.376] [jointLog] [info] processed bias for 50.0% of the transcripts
[2021-02-16 18:24:16.116] [jointLog] [info] processed bias for 60.0% of the transcripts
[2021-02-16 18:24:16.860] [jointLog] [info] processed bias for 70.0% of the transcripts
[2021-02-16 18:24:17.529] [jointLog] [info] processed bias for 80.0% of the transcripts
[2021-02-16 18:24:18.264] [jointLog] [info] processed bias for 90.0% of the transcripts
[2021-02-16 18:24:18.977] [jointLog] [info] processed bias for 100.0% of the transcripts
[2021-02-16 18:24:20.903] [jointLog] [info] iteration = 100 | max rel diff. = 17.4418
[2021-02-16 18:24:22.990] [jointLog] [info] iteration = 200 | max rel diff. = 12.3333
[2021-02-16 18:24:25.033] [jointLog] [info] iteration = 300 | max rel diff. = 4.78908
[2021-02-16 18:24:27.072] [jointLog] [info] iteration = 400 | max rel diff. = 2.0578
[2021-02-16 18:24:29.114] [jointLog] [info] iteration = 500 | max rel diff. = 7.88018
[2021-02-16 18:24:31.157] [jointLog] [info] iteration = 600 | max rel diff. = 0.533945
[2021-02-16 18:24:33.199] [jointLog] [info] iteration = 700 | max rel diff. = 0.158327
[2021-02-16 18:24:35.243] [jointLog] [info] iteration = 800 | max rel diff. = 0.973101
[2021-02-16 18:24:37.292] [jointLog] [info] iteration = 900 | max rel diff. = 0.291067
[2021-02-16 18:24:39.337] [jointLog] [info] iteration = 1,000 | max rel diff. = 0.436419
[2021-02-16 18:24:41.383] [jointLog] [info] iteration = 1,100 | max rel diff. = 0.0957675
[2021-02-16 18:24:43.425] [jointLog] [info] iteration = 1,200 | max rel diff. = 0.0688549
[2021-02-16 18:24:45.481] [jointLog] [info] iteration = 1,300 | max rel diff. = 1.94318
[2021-02-16 18:24:47.537] [jointLog] [info] iteration = 1,400 | max rel diff. = 1.03524
[2021-02-16 18:24:49.589] [jointLog] [info] iteration = 1,500 | max rel diff. = 0.096012
[2021-02-16 18:24:51.641] [jointLog] [info] iteration = 1,600 | max rel diff. = 0.0642818
[2021-02-16 18:24:53.692] [jointLog] [info] iteration = 1,700 | max rel diff. = 0.0320475
[2021-02-16 18:24:55.741] [jointLog] [info] iteration = 1,800 | max rel diff. = 0.0158349
[2021-02-16 18:24:57.033] [jointLog] [info] iteration = 1,864 | max rel diff. = 0.00364848
[2021-02-16 18:24:57.065] [jointLog] [info] Finished optimizer
[2021-02-16 18:24:57.065] [jointLog] [info] writing output 

